<?xml version="1.0" encoding="UTF-8"?>
<!-- Generated by org.testng.reporters.JUnitXMLReporter -->
<testsuite ignored="0" hostname="LP-TZD-0X101846" failures="0" tests="3" name="FirefoxTest" time="14.021" errors="0" timestamp="2024-08-07T01:38:31 IST">
  <testcase classname="day45.ParamTest" name="testTitle" time="0.005"/>
  <testcase classname="day45.ParamTest" name="testURL" time="0.005"/>
  <testcase classname="day45.ParamTest" name="testLogo" time="0.023"/>
</testsuite> <!-- FirefoxTest -->
