<?xml version="1.0" encoding="UTF-8"?>
<!-- Generated by org.testng.reporters.JUnitXMLReporter -->
<testsuite ignored="7" hostname="LP-TZD-0X101846" failures="0" tests="4" name="groupingtests" time="0.053" errors="0" timestamp="2024-08-05T01:17:18 IST">
  <testcase classname="day44.LoginTests" name="loginByEmail" time="0.007"/>
  <testcase classname="day44.LoginTests" name="loginByFacebook" time="0.001"/>
  <testcase classname="day44.LoginTests" name="loginByTwitter" time="0.001"/>
  <testcase classname="day44.LoginTests" name="loginByGmail" time="0.001"/>
  <testcase classname="day44.SignupTests" name="signupByGmail" time="0.0">
    <ignored/>
  </testcase> <!-- signupByGmail -->
  <testcase classname="day44.SignupTests" name="signupByEmail" time="0.0">
    <ignored/>
  </testcase> <!-- signupByEmail -->
  <testcase classname="day44.PaymentTests" name="paypol" time="0.0">
    <ignored/>
  </testcase> <!-- paypol -->
  <testcase classname="day44.SignupTests" name="signupByTwitter" time="0.0">
    <ignored/>
  </testcase> <!-- signupByTwitter -->
  <testcase classname="day44.PaymentTests" name="paytm" time="0.0">
    <ignored/>
  </testcase> <!-- paytm -->
  <testcase classname="day44.PaymentTests" name="cash" time="0.0">
    <ignored/>
  </testcase> <!-- cash -->
  <testcase classname="day44.SignupTests" name="signupByFb" time="0.0">
    <ignored/>
  </testcase> <!-- signupByFb -->
</testsuite> <!-- groupingtests -->
